<?xml version="1.0" encoding="UTF-8"?>
<!-- Generated by org.testng.reporters.JUnitXMLReporter -->
<testsuite ignored="0" hostname="DESKTOP-KVJDOUS" failures="0" tests="3" name="Default test" time="12.566" errors="0" timestamp="2021-04-28T10:51:05 EDT">
  <testcase classname="Parameters.ParameterDataproviderWithClassLevel" name="testMethod" time="3.275"/>
  <testcase classname="Parameters.ParameterDataproviderWithClassLevel" name="testMethod" time="3.173"/>
  <testcase classname="Parameters.ParameterDataproviderWithClassLevel" name="testMethod" time="3.149"/>
</testsuite> <!-- Default test -->
